0 info it worked if it ends with ok
1 verbose cli [ 'C:\\Program Files\\nodejs\\node.exe',
1 verbose cli   'C:\\Users\\hchau_2\\AppData\\Roaming\\npm\\node_modules\\npm\\bin\\npm-cli.js',
1 verbose cli   'run',
1 verbose cli   'browserify' ]
2 info using npm@3.10.5
3 info using node@v4.4.7
4 verbose run-script [ 'prebrowserify', 'browserify', 'postbrowserify' ]
5 info lifecycle magical_translator@1.0.0~prebrowserify: magical_translator@1.0.0
6 silly lifecycle magical_translator@1.0.0~prebrowserify: no script for prebrowserify, continuing
7 info lifecycle magical_translator@1.0.0~browserify: magical_translator@1.0.0
8 verbose lifecycle magical_translator@1.0.0~browserify: unsafe-perm in lifecycle true
9 verbose lifecycle magical_translator@1.0.0~browserify: PATH: C:\Users\hchau_2\AppData\Roaming\npm\node_modules\npm\bin\node-gyp-bin;C:\Users\hchau_2\Documents\magical_vacation\tools\translate\omni\node_modules\.bin;C:\Program Files\nodejs;C:\Users\hchau_2\Documents\bin\cmder_mini\bin;C:\Users\hchau_2\Documents\bin\cmder_mini\vendor\git-for-windows\bin;C:\Users\hchau_2\Documents\bin\cmder_mini\vendor\git-for-windows\usr\bin;C:\Users\hchau_2\Documents\bin\cmder_mini\vendor\git-for-windows\share\vim\vim74;C:\Users\hchau_2\Documents\bin\cmder_mini\vendor\conemu-maximus5\ConEmu\Scripts;C:\Users\hchau_2\Documents\bin\cmder_mini\vendor\conemu-maximus5;C:\Users\hchau_2\Documents\bin\cmder_mini\vendor\conemu-maximus5\ConEmu;C:\ProgramData\Oracle\Java\javapath;C:\Program Files (x86)\NVIDIA Corporation\PhysX\Common;C:\Program Files\Common Files\Microsoft Shared\Windows Live;C:\Program Files (x86)\Common Files\Microsoft Shared\Windows Live;c:\devkitPro\msys\bin;C:\Windows\system32;C:\Windows;C:\Windows\System32\Wbem;C:\Windows\System32\WindowsPowerShell\v1.0\;C:\Program Files\Intel\WiFi\bin\;C:\Program Files\Common Files\Intel\WirelessCommon\;C:\Program Files (x86)\Windows Live\Shared;C:\Program Files (x86)\Vim\vim74;C:\Windows\System32\WindowsPowerShell\v1.0\;C:\Users\hchau_2\Documents\bin\gnuwin;C:\Program Files\nodejs\;C:\Users\hchau_2\AppData\Local\atom\bin;C:\Users\hchau_2\AppData\Local\Programs\Git\cmd;C:\Program Files\LOVE;C:\Python27;C:\Users\hchau_2\AppData\Roaming\npm;C:\Users\hchau_2\Documents\bin\cmder_mini
10 verbose lifecycle magical_translator@1.0.0~browserify: CWD: C:\Users\hchau_2\Documents\magical_vacation\tools\translate\omni
11 silly lifecycle magical_translator@1.0.0~browserify: Args: [ '/d /s /c', 'browserify lib/main.js -o lib/bundle.js' ]
12 silly lifecycle magical_translator@1.0.0~browserify: Returned: code: 1  signal: null
13 info lifecycle magical_translator@1.0.0~browserify: Failed to exec browserify script
14 verbose stack Error: magical_translator@1.0.0 browserify: `browserify lib/main.js -o lib/bundle.js`
14 verbose stack Exit status 1
14 verbose stack     at EventEmitter.<anonymous> (C:\Users\hchau_2\AppData\Roaming\npm\node_modules\npm\lib\utils\lifecycle.js:242:16)
14 verbose stack     at emitTwo (events.js:87:13)
14 verbose stack     at EventEmitter.emit (events.js:172:7)
14 verbose stack     at ChildProcess.<anonymous> (C:\Users\hchau_2\AppData\Roaming\npm\node_modules\npm\lib\utils\spawn.js:40:14)
14 verbose stack     at emitTwo (events.js:87:13)
14 verbose stack     at ChildProcess.emit (events.js:172:7)
14 verbose stack     at maybeClose (internal/child_process.js:827:16)
14 verbose stack     at Process.ChildProcess._handle.onexit (internal/child_process.js:211:5)
15 verbose pkgid magical_translator@1.0.0
16 verbose cwd C:\Users\hchau_2\Documents\magical_vacation\tools\translate\omni
17 error Windows_NT 6.1.7601
18 error argv "C:\\Program Files\\nodejs\\node.exe" "C:\\Users\\hchau_2\\AppData\\Roaming\\npm\\node_modules\\npm\\bin\\npm-cli.js" "run" "browserify"
19 error node v4.4.7
20 error npm  v3.10.5
21 error code ELIFECYCLE
22 error magical_translator@1.0.0 browserify: `browserify lib/main.js -o lib/bundle.js`
22 error Exit status 1
23 error Failed at the magical_translator@1.0.0 browserify script 'browserify lib/main.js -o lib/bundle.js'.
23 error Make sure you have the latest version of node.js and npm installed.
23 error If you do, this is most likely a problem with the magical_translator package,
23 error not with npm itself.
23 error Tell the author that this fails on your system:
23 error     browserify lib/main.js -o lib/bundle.js
23 error You can get information on how to open an issue for this project with:
23 error     npm bugs magical_translator
23 error Or if that isn't available, you can get their info via:
23 error     npm owner ls magical_translator
23 error There is likely additional logging output above.
24 verbose exit [ 1, true ]
